C:\USERS\MIREL\DESKTOP\BB V69\BRICKBREAKER\RELEASE\VEC2.OBJ
C:\USERS\MIREL\DESKTOP\BB V69\BRICKBREAKER\RELEASE\SPRITE.OBJ
C:\USERS\MIREL\DESKTOP\BB V69\BRICKBREAKER\RELEASE\RECT.OBJ
C:\USERS\MIREL\DESKTOP\BB V69\BRICKBREAKER\RELEASE\PLAYER2.OBJ
C:\USERS\MIREL\DESKTOP\BB V69\BRICKBREAKER\RELEASE\PLAYER.OBJ
C:\USERS\MIREL\DESKTOP\BB V69\BRICKBREAKER\RELEASE\GIBRICKBREAKER.OBJ
C:\USERS\MIREL\DESKTOP\BB V69\BRICKBREAKER\RELEASE\CIRCLE.OBJ
C:\USERS\MIREL\DESKTOP\BB V69\BRICKBREAKER\RELEASE\BUTTON.OBJ
C:\USERS\MIREL\DESKTOP\BB V69\BRICKBREAKER\RELEASE\BRICKBREAKERGAME.OBJ
C:\USERS\MIREL\DESKTOP\BB V69\BRICKBREAKER\RELEASE\BRICK.OBJ
C:\USERS\MIREL\DESKTOP\BB V69\BRICKBREAKER\RELEASE\BALL.OBJ
C:\USERS\MIREL\DESKTOP\BB V69\BRICKBREAKER\RELEASE\BACKBUFFER.OBJ
C:\USERS\MIREL\DESKTOP\BB V69\BRICKBREAKER\RELEASE\VC110.PDB
C:\USERS\MIREL\DESKTOP\BB V69\RELEASE\BRICKBREAKER.EXE
C:\USERS\MIREL\DESKTOP\BB V69\RELEASE\BRICKBREAKER.PDB
C:\USERS\MIREL\DESKTOP\BB V69\BRICKBREAKER\RELEASE\BRICKBREAKER.RES
C:\Users\Mirel\Desktop\BB V69\BrickBreaker\Release\BackBuffer.obj
C:\Users\Mirel\Desktop\BB V69\BrickBreaker\Release\Ball.obj
C:\Users\Mirel\Desktop\BB V69\BrickBreaker\Release\Brick.obj
C:\Users\Mirel\Desktop\BB V69\BrickBreaker\Release\BrickBreakerGame.obj
C:\Users\Mirel\Desktop\BB V69\BrickBreaker\Release\Button.obj
C:\Users\Mirel\Desktop\BB V69\BrickBreaker\Release\Circle.obj
C:\Users\Mirel\Desktop\BB V69\BrickBreaker\Release\giBrickBreaker.obj
C:\Users\Mirel\Desktop\BB V69\BrickBreaker\Release\Player.obj
C:\Users\Mirel\Desktop\BB V69\BrickBreaker\Release\Player2.obj
C:\Users\Mirel\Desktop\BB V69\BrickBreaker\Release\Rect.obj
C:\Users\Mirel\Desktop\BB V69\BrickBreaker\Release\Sprite.obj
C:\Users\Mirel\Desktop\BB V69\BrickBreaker\Release\Vec2.obj
C:\Users\Mirel\Desktop\BB V69\BrickBreaker\Release\cl.command.1.tlog
C:\Users\Mirel\Desktop\BB V69\BrickBreaker\Release\CL.read.1.tlog
C:\Users\Mirel\Desktop\BB V69\BrickBreaker\Release\CL.write.1.tlog
C:\Users\Mirel\Desktop\BB V69\BrickBreaker\Release\link-cvtres.read.1.tlog
C:\Users\Mirel\Desktop\BB V69\BrickBreaker\Release\link-cvtres.write.1.tlog
C:\Users\Mirel\Desktop\BB V69\BrickBreaker\Release\link-rc.read.1.tlog
C:\Users\Mirel\Desktop\BB V69\BrickBreaker\Release\link-rc.write.1.tlog
C:\Users\Mirel\Desktop\BB V69\BrickBreaker\Release\link.command.1.tlog
C:\Users\Mirel\Desktop\BB V69\BrickBreaker\Release\link.read.1.tlog
C:\Users\Mirel\Desktop\BB V69\BrickBreaker\Release\link.write.1.tlog
C:\Users\Mirel\Desktop\BB V69\BrickBreaker\Release\rc.command.1.tlog
C:\Users\Mirel\Desktop\BB V69\BrickBreaker\Release\rc.read.1.tlog
C:\Users\Mirel\Desktop\BB V69\BrickBreaker\Release\rc.write.1.tlog
C:\Users\Mirel\Desktop\BB V69\BrickBreaker\Release\BrickBreaker.res
C:\Users\Mirel\Desktop\BB V69\BrickBreaker\Release\vc110.pdb
C:\Users\Mirel\Desktop\BB V69\Release\BrickBreaker.pdb
C:\Users\Mirel\Desktop\BB V69\Release\BrickBreaker.exe
