Build started 06.08.2014 22:53:43.
     1>Project "C:\Users\Mirel\Desktop\BB V70\BrickBreaker\BrickBreaker.vcxproj" on node 2 (Build target(s)).
       Project file contains ToolsVersion="12.0". This toolset may be unknown or missing, in which case you may be able to resolve this by installing the appropriate version of MSBuild, or the build may have been forced to a particular ToolsVersion for policy reasons. Treating the project as if it had ToolsVersion="4.0". For more information, please see http://go.microsoft.com/fwlink/?LinkId=291333.
     1>ClCompile:
         D:\Program Files (x86)\Microsoft Visual Studio 11.0\VC\bin\CL.exe /c /Zi /nologo /W3 /WX- /O2 /Oi /Oy- /GL /D WIN32 /D NDEBUG /D _WINDOWS /D _MBCS /Gm- /EHsc /MT /GS /Gy /fp:precise /Zc:wchar_t /Zc:forScope /Fo"Release\\" /Fd"Release\vc110.pdb" /Gd /TP /analyze- /errorReport:prompt BackBuffer.cpp Ball.cpp Brick.cpp BrickBreakerGame.cpp Button.cpp Circle.cpp giBrickBreaker.cpp Player.cpp Player2.cpp Rect.cpp Sprite.cpp Vec2.cpp
         BackBuffer.cpp
         Ball.cpp
         Brick.cpp
         BrickBreakerGame.cpp
         Button.cpp
         Circle.cpp
         giBrickBreaker.cpp
         Player.cpp
         Player2.cpp
         Rect.cpp
         Sprite.cpp
         Vec2.cpp
       ResourceCompile:
         C:\Program Files (x86)\Windows Kits\8.0\bin\x86\rc.exe /l"0x0409" /nologo /fo"Release\BrickBreaker.res" BrickBreaker.rc 
       Link:
         D:\Program Files (x86)\Microsoft Visual Studio 11.0\VC\bin\link.exe /ERRORREPORT:PROMPT /OUT:"C:\Users\Mirel\Desktop\BB V70\Release\BrickBreaker.exe" /INCREMENTAL:NO /NOLOGO kernel32.lib user32.lib gdi32.lib winspool.lib comdlg32.lib advapi32.lib shell32.lib ole32.lib oleaut32.lib uuid.lib odbc32.lib odbccp32.lib /MANIFEST /MANIFESTUAC:"level='asInvoker' uiAccess='false'" /manifest:embed /DEBUG /PDB:"C:\Users\Mirel\Desktop\BB V70\Release\BrickBreaker.pdb" /SUBSYSTEM:WINDOWS /OPT:REF /OPT:ICF /LTCG /TLBID:1 /DYNAMICBASE /NXCOMPAT /IMPLIB:"C:\Users\Mirel\Desktop\BB V70\Release\BrickBreaker.lib" /MACHINE:X86 /SAFESEH Release\BrickBreaker.res
         Release\BackBuffer.obj
         Release\Ball.obj
         Release\Brick.obj
         Release\BrickBreakerGame.obj
         Release\Button.obj
         Release\Circle.obj
         Release\giBrickBreaker.obj
         Release\Player.obj
         Release\Player2.obj
         Release\Rect.obj
         Release\Sprite.obj
         Release\Vec2.obj
         Generating code
         Finished generating code
         BrickBreaker.vcxproj -> C:\Users\Mirel\Desktop\BB V70\Release\BrickBreaker.exe
     1>Done Building Project "C:\Users\Mirel\Desktop\BB V70\BrickBreaker\BrickBreaker.vcxproj" (Build target(s)).

Build succeeded.

Time Elapsed 00:00:09.35
