C:\USERS\MIREL\DESKTOP\BB V71 - COPY - COPY - COPY (2)\BRICKBREAKER\DEBUG\BACKBUFFER.OBJ
C:\USERS\MIREL\DESKTOP\BB V71 - COPY - COPY - COPY (2)\BRICKBREAKER\DEBUG\BALL.OBJ
C:\USERS\MIREL\DESKTOP\BB V71 - COPY - COPY - COPY (2)\BRICKBREAKER\DEBUG\BRICK.OBJ
C:\USERS\MIREL\DESKTOP\BB V71 - COPY - COPY - COPY (2)\BRICKBREAKER\DEBUG\BRICKBREAKERGAME.OBJ
C:\USERS\MIREL\DESKTOP\BB V71 - COPY - COPY - COPY (2)\BRICKBREAKER\DEBUG\BUTTON.OBJ
C:\USERS\MIREL\DESKTOP\BB V71 - COPY - COPY - COPY (2)\BRICKBREAKER\DEBUG\CIRCLE.OBJ
C:\USERS\MIREL\DESKTOP\BB V71 - COPY - COPY - COPY (2)\BRICKBREAKER\DEBUG\GIBRICKBREAKER.OBJ
C:\USERS\MIREL\DESKTOP\BB V71 - COPY - COPY - COPY (2)\BRICKBREAKER\DEBUG\PLAYER.OBJ
C:\USERS\MIREL\DESKTOP\BB V71 - COPY - COPY - COPY (2)\BRICKBREAKER\DEBUG\PLAYER2.OBJ
C:\USERS\MIREL\DESKTOP\BB V71 - COPY - COPY - COPY (2)\BRICKBREAKER\DEBUG\RECT.OBJ
C:\USERS\MIREL\DESKTOP\BB V71 - COPY - COPY - COPY (2)\BRICKBREAKER\DEBUG\SPRITE.OBJ
C:\USERS\MIREL\DESKTOP\BB V71 - COPY - COPY - COPY (2)\BRICKBREAKER\DEBUG\VEC2.OBJ
C:\USERS\MIREL\DESKTOP\BB V71 - COPY - COPY - COPY (2)\BRICKBREAKER\DEBUG\VC110.PDB
C:\USERS\MIREL\DESKTOP\BB V71 - COPY - COPY - COPY (2)\DEBUG\BRICKBREAKER.ILK
C:\USERS\MIREL\DESKTOP\BB V71 - COPY - COPY - COPY (2)\DEBUG\BRICKBREAKER.EXE
C:\USERS\MIREL\DESKTOP\BB V71 - COPY - COPY - COPY (2)\DEBUG\BRICKBREAKER.PDB
C:\USERS\MIREL\DESKTOP\BB V71 - COPY - COPY - COPY (2)\BRICKBREAKER\DEBUG\BRICKBREAKER.RES
C:\Users\Mirel\Desktop\BB V71 - Copy - Copy - Copy (2)\BrickBreaker\Debug\BackBuffer.obj
C:\Users\Mirel\Desktop\BB V71 - Copy - Copy - Copy (2)\BrickBreaker\Debug\Ball.obj
C:\Users\Mirel\Desktop\BB V71 - Copy - Copy - Copy (2)\BrickBreaker\Debug\Brick.obj
C:\Users\Mirel\Desktop\BB V71 - Copy - Copy - Copy (2)\BrickBreaker\Debug\BrickBreakerGame.obj
C:\Users\Mirel\Desktop\BB V71 - Copy - Copy - Copy (2)\BrickBreaker\Debug\Button.obj
C:\Users\Mirel\Desktop\BB V71 - Copy - Copy - Copy (2)\BrickBreaker\Debug\Circle.obj
C:\Users\Mirel\Desktop\BB V71 - Copy - Copy - Copy (2)\BrickBreaker\Debug\giBrickBreaker.obj
C:\Users\Mirel\Desktop\BB V71 - Copy - Copy - Copy (2)\BrickBreaker\Debug\Player.obj
C:\Users\Mirel\Desktop\BB V71 - Copy - Copy - Copy (2)\BrickBreaker\Debug\Player2.obj
C:\Users\Mirel\Desktop\BB V71 - Copy - Copy - Copy (2)\BrickBreaker\Debug\Rect.obj
C:\Users\Mirel\Desktop\BB V71 - Copy - Copy - Copy (2)\BrickBreaker\Debug\Sprite.obj
C:\Users\Mirel\Desktop\BB V71 - Copy - Copy - Copy (2)\BrickBreaker\Debug\Vec2.obj
C:\Users\Mirel\Desktop\BB V71 - Copy - Copy - Copy (2)\BrickBreaker\Debug\cl.command.1.tlog
C:\Users\Mirel\Desktop\BB V71 - Copy - Copy - Copy (2)\BrickBreaker\Debug\CL.read.1.tlog
C:\Users\Mirel\Desktop\BB V71 - Copy - Copy - Copy (2)\BrickBreaker\Debug\CL.write.1.tlog
C:\Users\Mirel\Desktop\BB V71 - Copy - Copy - Copy (2)\BrickBreaker\Debug\link-cvtres.read.1.tlog
C:\Users\Mirel\Desktop\BB V71 - Copy - Copy - Copy (2)\BrickBreaker\Debug\link-cvtres.write.1.tlog
C:\Users\Mirel\Desktop\BB V71 - Copy - Copy - Copy (2)\BrickBreaker\Debug\link-rc.read.1.tlog
C:\Users\Mirel\Desktop\BB V71 - Copy - Copy - Copy (2)\BrickBreaker\Debug\link-rc.write.1.tlog
C:\Users\Mirel\Desktop\BB V71 - Copy - Copy - Copy (2)\BrickBreaker\Debug\link.1208-cvtres.read.1.tlog
C:\Users\Mirel\Desktop\BB V71 - Copy - Copy - Copy (2)\BrickBreaker\Debug\link.1208-cvtres.write.1.tlog
C:\Users\Mirel\Desktop\BB V71 - Copy - Copy - Copy (2)\BrickBreaker\Debug\link.1208-rc.read.1.tlog
C:\Users\Mirel\Desktop\BB V71 - Copy - Copy - Copy (2)\BrickBreaker\Debug\link.1208-rc.write.1.tlog
C:\Users\Mirel\Desktop\BB V71 - Copy - Copy - Copy (2)\BrickBreaker\Debug\link.1208.read.1.tlog
C:\Users\Mirel\Desktop\BB V71 - Copy - Copy - Copy (2)\BrickBreaker\Debug\link.1208.write.1.tlog
C:\Users\Mirel\Desktop\BB V71 - Copy - Copy - Copy (2)\BrickBreaker\Debug\link.2132-cvtres.read.1.tlog
C:\Users\Mirel\Desktop\BB V71 - Copy - Copy - Copy (2)\BrickBreaker\Debug\link.2132-cvtres.write.1.tlog
C:\Users\Mirel\Desktop\BB V71 - Copy - Copy - Copy (2)\BrickBreaker\Debug\link.2132-rc.read.1.tlog
C:\Users\Mirel\Desktop\BB V71 - Copy - Copy - Copy (2)\BrickBreaker\Debug\link.2132-rc.write.1.tlog
C:\Users\Mirel\Desktop\BB V71 - Copy - Copy - Copy (2)\BrickBreaker\Debug\link.2132.read.1.tlog
C:\Users\Mirel\Desktop\BB V71 - Copy - Copy - Copy (2)\BrickBreaker\Debug\link.2132.write.1.tlog
C:\Users\Mirel\Desktop\BB V71 - Copy - Copy - Copy (2)\BrickBreaker\Debug\link.3300-cvtres.read.1.tlog
C:\Users\Mirel\Desktop\BB V71 - Copy - Copy - Copy (2)\BrickBreaker\Debug\link.3300-cvtres.write.1.tlog
C:\Users\Mirel\Desktop\BB V71 - Copy - Copy - Copy (2)\BrickBreaker\Debug\link.3300-rc.read.1.tlog
C:\Users\Mirel\Desktop\BB V71 - Copy - Copy - Copy (2)\BrickBreaker\Debug\link.3300-rc.write.1.tlog
C:\Users\Mirel\Desktop\BB V71 - Copy - Copy - Copy (2)\BrickBreaker\Debug\link.3300.read.1.tlog
C:\Users\Mirel\Desktop\BB V71 - Copy - Copy - Copy (2)\BrickBreaker\Debug\link.3300.write.1.tlog
C:\Users\Mirel\Desktop\BB V71 - Copy - Copy - Copy (2)\BrickBreaker\Debug\link.3348-cvtres.read.1.tlog
C:\Users\Mirel\Desktop\BB V71 - Copy - Copy - Copy (2)\BrickBreaker\Debug\link.3348-cvtres.write.1.tlog
C:\Users\Mirel\Desktop\BB V71 - Copy - Copy - Copy (2)\BrickBreaker\Debug\link.3348-rc.read.1.tlog
C:\Users\Mirel\Desktop\BB V71 - Copy - Copy - Copy (2)\BrickBreaker\Debug\link.3348-rc.write.1.tlog
C:\Users\Mirel\Desktop\BB V71 - Copy - Copy - Copy (2)\BrickBreaker\Debug\link.3348.read.1.tlog
C:\Users\Mirel\Desktop\BB V71 - Copy - Copy - Copy (2)\BrickBreaker\Debug\link.3348.write.1.tlog
C:\Users\Mirel\Desktop\BB V71 - Copy - Copy - Copy (2)\BrickBreaker\Debug\link.3452-cvtres.read.1.tlog
C:\Users\Mirel\Desktop\BB V71 - Copy - Copy - Copy (2)\BrickBreaker\Debug\link.3452-cvtres.write.1.tlog
C:\Users\Mirel\Desktop\BB V71 - Copy - Copy - Copy (2)\BrickBreaker\Debug\link.3452-rc.read.1.tlog
C:\Users\Mirel\Desktop\BB V71 - Copy - Copy - Copy (2)\BrickBreaker\Debug\link.3452-rc.write.1.tlog
C:\Users\Mirel\Desktop\BB V71 - Copy - Copy - Copy (2)\BrickBreaker\Debug\link.3452.read.1.tlog
C:\Users\Mirel\Desktop\BB V71 - Copy - Copy - Copy (2)\BrickBreaker\Debug\link.3452.write.1.tlog
C:\Users\Mirel\Desktop\BB V71 - Copy - Copy - Copy (2)\BrickBreaker\Debug\link.4264-cvtres.read.1.tlog
C:\Users\Mirel\Desktop\BB V71 - Copy - Copy - Copy (2)\BrickBreaker\Debug\link.4264-cvtres.write.1.tlog
C:\Users\Mirel\Desktop\BB V71 - Copy - Copy - Copy (2)\BrickBreaker\Debug\link.4264-rc.read.1.tlog
C:\Users\Mirel\Desktop\BB V71 - Copy - Copy - Copy (2)\BrickBreaker\Debug\link.4264-rc.write.1.tlog
C:\Users\Mirel\Desktop\BB V71 - Copy - Copy - Copy (2)\BrickBreaker\Debug\link.4264.read.1.tlog
C:\Users\Mirel\Desktop\BB V71 - Copy - Copy - Copy (2)\BrickBreaker\Debug\link.4264.write.1.tlog
C:\Users\Mirel\Desktop\BB V71 - Copy - Copy - Copy (2)\BrickBreaker\Debug\link.4340-cvtres.read.1.tlog
C:\Users\Mirel\Desktop\BB V71 - Copy - Copy - Copy (2)\BrickBreaker\Debug\link.4340-cvtres.write.1.tlog
C:\Users\Mirel\Desktop\BB V71 - Copy - Copy - Copy (2)\BrickBreaker\Debug\link.4340-rc.read.1.tlog
C:\Users\Mirel\Desktop\BB V71 - Copy - Copy - Copy (2)\BrickBreaker\Debug\link.4340-rc.write.1.tlog
C:\Users\Mirel\Desktop\BB V71 - Copy - Copy - Copy (2)\BrickBreaker\Debug\link.4340.read.1.tlog
C:\Users\Mirel\Desktop\BB V71 - Copy - Copy - Copy (2)\BrickBreaker\Debug\link.4340.write.1.tlog
C:\Users\Mirel\Desktop\BB V71 - Copy - Copy - Copy (2)\BrickBreaker\Debug\link.476-cvtres.read.1.tlog
C:\Users\Mirel\Desktop\BB V71 - Copy - Copy - Copy (2)\BrickBreaker\Debug\link.476-cvtres.write.1.tlog
C:\Users\Mirel\Desktop\BB V71 - Copy - Copy - Copy (2)\BrickBreaker\Debug\link.476-rc.read.1.tlog
C:\Users\Mirel\Desktop\BB V71 - Copy - Copy - Copy (2)\BrickBreaker\Debug\link.476-rc.write.1.tlog
C:\Users\Mirel\Desktop\BB V71 - Copy - Copy - Copy (2)\BrickBreaker\Debug\link.476.read.1.tlog
C:\Users\Mirel\Desktop\BB V71 - Copy - Copy - Copy (2)\BrickBreaker\Debug\link.476.write.1.tlog
C:\Users\Mirel\Desktop\BB V71 - Copy - Copy - Copy (2)\BrickBreaker\Debug\link.5364-cvtres.read.1.tlog
C:\Users\Mirel\Desktop\BB V71 - Copy - Copy - Copy (2)\BrickBreaker\Debug\link.5364-cvtres.write.1.tlog
C:\Users\Mirel\Desktop\BB V71 - Copy - Copy - Copy (2)\BrickBreaker\Debug\link.5364-rc.read.1.tlog
C:\Users\Mirel\Desktop\BB V71 - Copy - Copy - Copy (2)\BrickBreaker\Debug\link.5364-rc.write.1.tlog
C:\Users\Mirel\Desktop\BB V71 - Copy - Copy - Copy (2)\BrickBreaker\Debug\link.5364.read.1.tlog
C:\Users\Mirel\Desktop\BB V71 - Copy - Copy - Copy (2)\BrickBreaker\Debug\link.5364.write.1.tlog
C:\Users\Mirel\Desktop\BB V71 - Copy - Copy - Copy (2)\BrickBreaker\Debug\link.5424-cvtres.read.1.tlog
C:\Users\Mirel\Desktop\BB V71 - Copy - Copy - Copy (2)\BrickBreaker\Debug\link.5424-cvtres.write.1.tlog
C:\Users\Mirel\Desktop\BB V71 - Copy - Copy - Copy (2)\BrickBreaker\Debug\link.5424-rc.read.1.tlog
C:\Users\Mirel\Desktop\BB V71 - Copy - Copy - Copy (2)\BrickBreaker\Debug\link.5424-rc.write.1.tlog
C:\Users\Mirel\Desktop\BB V71 - Copy - Copy - Copy (2)\BrickBreaker\Debug\link.5424.read.1.tlog
C:\Users\Mirel\Desktop\BB V71 - Copy - Copy - Copy (2)\BrickBreaker\Debug\link.5424.write.1.tlog
C:\Users\Mirel\Desktop\BB V71 - Copy - Copy - Copy (2)\BrickBreaker\Debug\link.5536-cvtres.read.1.tlog
C:\Users\Mirel\Desktop\BB V71 - Copy - Copy - Copy (2)\BrickBreaker\Debug\link.5536-cvtres.write.1.tlog
C:\Users\Mirel\Desktop\BB V71 - Copy - Copy - Copy (2)\BrickBreaker\Debug\link.5536-rc.read.1.tlog
C:\Users\Mirel\Desktop\BB V71 - Copy - Copy - Copy (2)\BrickBreaker\Debug\link.5536-rc.write.1.tlog
C:\Users\Mirel\Desktop\BB V71 - Copy - Copy - Copy (2)\BrickBreaker\Debug\link.5536.read.1.tlog
C:\Users\Mirel\Desktop\BB V71 - Copy - Copy - Copy (2)\BrickBreaker\Debug\link.5536.write.1.tlog
C:\Users\Mirel\Desktop\BB V71 - Copy - Copy - Copy (2)\BrickBreaker\Debug\link.5832-cvtres.read.1.tlog
C:\Users\Mirel\Desktop\BB V71 - Copy - Copy - Copy (2)\BrickBreaker\Debug\link.5832-cvtres.write.1.tlog
C:\Users\Mirel\Desktop\BB V71 - Copy - Copy - Copy (2)\BrickBreaker\Debug\link.5832-rc.read.1.tlog
C:\Users\Mirel\Desktop\BB V71 - Copy - Copy - Copy (2)\BrickBreaker\Debug\link.5832-rc.write.1.tlog
C:\Users\Mirel\Desktop\BB V71 - Copy - Copy - Copy (2)\BrickBreaker\Debug\link.5832.read.1.tlog
C:\Users\Mirel\Desktop\BB V71 - Copy - Copy - Copy (2)\BrickBreaker\Debug\link.5832.write.1.tlog
C:\Users\Mirel\Desktop\BB V71 - Copy - Copy - Copy (2)\BrickBreaker\Debug\link.6704-cvtres.read.1.tlog
C:\Users\Mirel\Desktop\BB V71 - Copy - Copy - Copy (2)\BrickBreaker\Debug\link.6704-cvtres.write.1.tlog
C:\Users\Mirel\Desktop\BB V71 - Copy - Copy - Copy (2)\BrickBreaker\Debug\link.6704-rc.read.1.tlog
C:\Users\Mirel\Desktop\BB V71 - Copy - Copy - Copy (2)\BrickBreaker\Debug\link.6704-rc.write.1.tlog
C:\Users\Mirel\Desktop\BB V71 - Copy - Copy - Copy (2)\BrickBreaker\Debug\link.6704.read.1.tlog
C:\Users\Mirel\Desktop\BB V71 - Copy - Copy - Copy (2)\BrickBreaker\Debug\link.6704.write.1.tlog
C:\Users\Mirel\Desktop\BB V71 - Copy - Copy - Copy (2)\BrickBreaker\Debug\link.7444-cvtres.read.1.tlog
C:\Users\Mirel\Desktop\BB V71 - Copy - Copy - Copy (2)\BrickBreaker\Debug\link.7444-cvtres.write.1.tlog
C:\Users\Mirel\Desktop\BB V71 - Copy - Copy - Copy (2)\BrickBreaker\Debug\link.7444-rc.read.1.tlog
C:\Users\Mirel\Desktop\BB V71 - Copy - Copy - Copy (2)\BrickBreaker\Debug\link.7444-rc.write.1.tlog
C:\Users\Mirel\Desktop\BB V71 - Copy - Copy - Copy (2)\BrickBreaker\Debug\link.7444.read.1.tlog
C:\Users\Mirel\Desktop\BB V71 - Copy - Copy - Copy (2)\BrickBreaker\Debug\link.7444.write.1.tlog
C:\Users\Mirel\Desktop\BB V71 - Copy - Copy - Copy (2)\BrickBreaker\Debug\link.7912-cvtres.read.1.tlog
C:\Users\Mirel\Desktop\BB V71 - Copy - Copy - Copy (2)\BrickBreaker\Debug\link.7912-cvtres.write.1.tlog
C:\Users\Mirel\Desktop\BB V71 - Copy - Copy - Copy (2)\BrickBreaker\Debug\link.7912-rc.read.1.tlog
C:\Users\Mirel\Desktop\BB V71 - Copy - Copy - Copy (2)\BrickBreaker\Debug\link.7912-rc.write.1.tlog
C:\Users\Mirel\Desktop\BB V71 - Copy - Copy - Copy (2)\BrickBreaker\Debug\link.7912.read.1.tlog
C:\Users\Mirel\Desktop\BB V71 - Copy - Copy - Copy (2)\BrickBreaker\Debug\link.7912.write.1.tlog
C:\Users\Mirel\Desktop\BB V71 - Copy - Copy - Copy (2)\BrickBreaker\Debug\link.command.1.tlog
C:\Users\Mirel\Desktop\BB V71 - Copy - Copy - Copy (2)\BrickBreaker\Debug\link.read.1.tlog
C:\Users\Mirel\Desktop\BB V71 - Copy - Copy - Copy (2)\BrickBreaker\Debug\link.write.1.tlog
C:\Users\Mirel\Desktop\BB V71 - Copy - Copy - Copy (2)\BrickBreaker\Debug\rc.command.1.tlog
C:\Users\Mirel\Desktop\BB V71 - Copy - Copy - Copy (2)\BrickBreaker\Debug\rc.read.1.tlog
C:\Users\Mirel\Desktop\BB V71 - Copy - Copy - Copy (2)\BrickBreaker\Debug\rc.write.1.tlog
C:\Users\Mirel\Desktop\BB V71 - Copy - Copy - Copy (2)\BrickBreaker\Debug\BrickBreaker.res
C:\Users\Mirel\Desktop\BB V71 - Copy - Copy - Copy (2)\BrickBreaker\Debug\vc110.idb
C:\Users\Mirel\Desktop\BB V71 - Copy - Copy - Copy (2)\BrickBreaker\Debug\vc110.pdb
C:\Users\Mirel\Desktop\BB V71 - Copy - Copy - Copy (2)\Debug\BrickBreaker.pdb
C:\Users\Mirel\Desktop\BB V71 - Copy - Copy - Copy (2)\Debug\BrickBreaker.exe
C:\Users\Mirel\Desktop\BB V71 - Copy - Copy - Copy (2)\Debug\BrickBreaker.ilk
