C:\USERS\MIREL\DESKTOP\FLAPPY15\COMPILED\DEBUG\BACKBUFFER.OBJ
C:\USERS\MIREL\DESKTOP\FLAPPY15\COMPILED\DEBUG\BUTTON.OBJ
C:\USERS\MIREL\DESKTOP\FLAPPY15\COMPILED\DEBUG\GIFLAPPYBIRD.OBJ
C:\USERS\MIREL\DESKTOP\FLAPPY15\COMPILED\DEBUG\PARALLAXLAYER.OBJ
C:\USERS\MIREL\DESKTOP\FLAPPY15\COMPILED\DEBUG\PLAYER.OBJ
C:\USERS\MIREL\DESKTOP\FLAPPY15\COMPILED\DEBUG\PROJECTILE.OBJ
C:\USERS\MIREL\DESKTOP\FLAPPY15\COMPILED\DEBUG\RECT.OBJ
C:\USERS\MIREL\DESKTOP\FLAPPY15\COMPILED\DEBUG\SPRITE.OBJ
C:\USERS\MIREL\DESKTOP\FLAPPY15\COMPILED\DEBUG\TUBE.OBJ
C:\USERS\MIREL\DESKTOP\FLAPPY15\COMPILED\DEBUG\VEC2.OBJ
C:\USERS\MIREL\DESKTOP\FLAPPY15\COMPILED\DEBUG\VC110.PDB
C:\USERS\MIREL\DESKTOP\FLAPPY15\COMPILED\DEBUG\FLAPPYBIRD.OBJ
C:\USERS\MIREL\DESKTOP\FLAPPY15\D_GAME.EXE
C:\USERS\MIREL\DESKTOP\FLAPPY15\COMPILED\DEBUG\GAME.PDB
C:\USERS\MIREL\DESKTOP\FLAPPY15\COMPILED\DEBUG\FLAPPY.RES
C:\Users\Mirel\Desktop\flappy16\Compiled\Debug\BackBuffer.obj
C:\Users\Mirel\Desktop\flappy16\Compiled\Debug\Button.obj
C:\Users\Mirel\Desktop\flappy16\Compiled\Debug\FlappyBird.obj
C:\Users\Mirel\Desktop\flappy16\Compiled\Debug\giFlappyBird.obj
C:\Users\Mirel\Desktop\flappy16\Compiled\Debug\ParallaxLayer.obj
C:\Users\Mirel\Desktop\flappy16\Compiled\Debug\Player.obj
C:\Users\Mirel\Desktop\flappy16\Compiled\Debug\Projectile.obj
C:\Users\Mirel\Desktop\flappy16\Compiled\Debug\Rect.obj
C:\Users\Mirel\Desktop\flappy16\Compiled\Debug\Sprite.obj
C:\Users\Mirel\Desktop\flappy16\Compiled\Debug\Tube.obj
C:\Users\Mirel\Desktop\flappy16\Compiled\Debug\Vec2.obj
C:\Users\Mirel\Desktop\flappy16\Compiled\Debug\cl.command.1.tlog
C:\Users\Mirel\Desktop\flappy16\Compiled\Debug\CL.read.1.tlog
C:\Users\Mirel\Desktop\flappy16\Compiled\Debug\CL.write.1.tlog
C:\Users\Mirel\Desktop\flappy16\Compiled\Debug\link-cvtres.read.1.tlog
C:\Users\Mirel\Desktop\flappy16\Compiled\Debug\link-cvtres.write.1.tlog
C:\Users\Mirel\Desktop\flappy16\Compiled\Debug\link-rc.read.1.tlog
C:\Users\Mirel\Desktop\flappy16\Compiled\Debug\link-rc.write.1.tlog
C:\Users\Mirel\Desktop\flappy16\Compiled\Debug\link.command.1.tlog
C:\Users\Mirel\Desktop\flappy16\Compiled\Debug\link.read.1.tlog
C:\Users\Mirel\Desktop\flappy16\Compiled\Debug\link.write.1.tlog
C:\Users\Mirel\Desktop\flappy16\Compiled\Debug\rc.command.1.tlog
C:\Users\Mirel\Desktop\flappy16\Compiled\Debug\rc.read.1.tlog
C:\Users\Mirel\Desktop\flappy16\Compiled\Debug\rc.write.1.tlog
C:\Users\Mirel\Desktop\flappy16\Compiled\Debug\Flappy.res
C:\Users\Mirel\Desktop\flappy16\Compiled\Debug\vc110.idb
C:\Users\Mirel\Desktop\flappy16\Compiled\Debug\Game.pdb
C:\Users\Mirel\Desktop\flappy16\Compiled\Debug\vc110.pdb
C:\Users\Mirel\Desktop\flappy16\d_Game.exe
