Build started 13.06.2015 15:14:49.
     1>Project "D:\Aplicatii si jocuri C++\flappy24\Game.vcxproj" on node 2 (Build target(s)).
     1>ClCompile:
         C:\Program Files (x86)\Microsoft Visual Studio 11.0\VC\bin\CL.exe /c /I"D:\Aplicatii si jocuri C++\flappy24\\Includes" /Zi /nologo /W3 /WX- /Od /Oy- /D WIN32 /D _DEBUG /D _WINDOWS /D _VC80_UPGRADE=0x0600 /D _MBCS /Gm /EHsc /RTC1 /MTd /GS /fp:precise /Zc:wchar_t /Zc:forScope /Fo".\Compiled\Debug/" /Fd".\Compiled\Debug/vc110.pdb" /Gd /TP /analyze- /errorReport:prompt Source\BackBuffer.cpp Source\FlappyBird.cpp Source\Button.cpp Source\giFlappyBird.cpp Source\ParallaxLayer.cpp Source\Player.cpp Source\Projectile.cpp Source\Rect.cpp Source\Sprite.cpp Source\Tube.cpp Source\Vec2.cpp
         Vec2.cpp
         Tube.cpp
         Sprite.cpp
         Rect.cpp
         Projectile.cpp
         Player.cpp
         ParallaxLayer.cpp
         giFlappyBird.cpp
         Button.cpp
         FlappyBird.cpp
     1>Source\FlappyBird.cpp(68): warning C4018: '<' : signed/unsigned mismatch
     1>Source\FlappyBird.cpp(85): warning C4018: '<' : signed/unsigned mismatch
     1>Source\FlappyBird.cpp(160): warning C4244: '=' : conversion from 'const float' to 'int', possible loss of data
     1>Source\FlappyBird.cpp(179): warning C4244: '=' : conversion from 'const float' to 'int', possible loss of data
     1>Source\FlappyBird.cpp(198): warning C4244: '=' : conversion from 'const float' to 'int', possible loss of data
     1>Source\FlappyBird.cpp(221): warning C4244: '=' : conversion from 'const float' to 'int', possible loss of data
     1>Source\FlappyBird.cpp(245): warning C4244: '=' : conversion from 'const float' to 'int', possible loss of data
     1>Source\FlappyBird.cpp(258): warning C4244: '=' : conversion from 'const float' to 'int', possible loss of data
     1>Source\FlappyBird.cpp(270): warning C4244: 'argument' : conversion from 'time_t' to 'unsigned int', possible loss of data
     1>Source\FlappyBird.cpp(280): warning C4018: '<' : signed/unsigned mismatch
     1>Source\FlappyBird.cpp(398): warning C4018: '<' : signed/unsigned mismatch
     1>Source\FlappyBird.cpp(405): warning C4018: '<' : signed/unsigned mismatch
     1>Source\FlappyBird.cpp(413): warning C4018: '<' : signed/unsigned mismatch
     1>Source\FlappyBird.cpp(680): warning C4018: '<' : signed/unsigned mismatch
     1>Source\FlappyBird.cpp(686): warning C4018: '<' : signed/unsigned mismatch
     1>Source\FlappyBird.cpp(716): warning C4244: '=' : conversion from 'float' to 'int', possible loss of data
     1>Source\FlappyBird.cpp(717): warning C4244: '=' : conversion from 'float' to 'int', possible loss of data
     1>Source\FlappyBird.cpp(718): warning C4244: '=' : conversion from 'float' to 'int', possible loss of data
     1>Source\FlappyBird.cpp(719): warning C4244: '=' : conversion from 'float' to 'int', possible loss of data
     1>Source\FlappyBird.cpp(720): warning C4244: '=' : conversion from 'float' to 'int', possible loss of data
     1>Source\FlappyBird.cpp(721): warning C4244: '=' : conversion from 'float' to 'int', possible loss of data
     1>Source\FlappyBird.cpp(722): warning C4244: '=' : conversion from 'float' to 'int', possible loss of data
     1>Source\FlappyBird.cpp(723): warning C4244: '=' : conversion from 'float' to 'int', possible loss of data
     1>Source\FlappyBird.cpp(731): warning C4018: '<' : signed/unsigned mismatch
     1>Source\FlappyBird.cpp(743): warning C4018: '<' : signed/unsigned mismatch
         BackBuffer.cpp
         Generating Code...
       ResourceCompile:
         C:\Program Files (x86)\Windows Kits\8.0\bin\x86\rc.exe /D _DEBUG /D _VC80_UPGRADE=0x0600 /l"0x0809" /nologo /fo".\Compiled\Debug\Flappy.res" Res\Flappy.rc 
       Link:
         C:\Program Files (x86)\Microsoft Visual Studio 11.0\VC\bin\link.exe /ERRORREPORT:PROMPT /OUT:"D:\Aplicatii si jocuri C++\flappy24\d_Game.exe" /INCREMENTAL:NO /NOLOGO winmm.lib d3d9.lib d3dx9.lib kernel32.lib user32.lib gdi32.lib winspool.lib comdlg32.lib advapi32.lib shell32.lib ole32.lib oleaut32.lib uuid.lib odbc32.lib odbccp32.lib /MANIFEST /MANIFESTUAC:"level='asInvoker' uiAccess='false'" /manifest:embed /DEBUG /PDB:".\Compiled\Debug/Game.pdb" /SUBSYSTEM:WINDOWS /TLBID:1 /DYNAMICBASE:NO /IMPLIB:"D:\Aplicatii si jocuri C++\flappy24\d_Game.lib" /MACHINE:X86 /SAFESEH .\Compiled\Debug\Flappy.res
         .\Compiled\Debug/BackBuffer.obj
         .\Compiled\Debug/FlappyBird.obj
         .\Compiled\Debug/Button.obj
         .\Compiled\Debug/giFlappyBird.obj
         .\Compiled\Debug/ParallaxLayer.obj
         .\Compiled\Debug/Player.obj
         .\Compiled\Debug/Projectile.obj
         .\Compiled\Debug/Rect.obj
         .\Compiled\Debug/Sprite.obj
         .\Compiled\Debug/Tube.obj
         .\Compiled\Debug/Vec2.obj
         Game.vcxproj -> D:\Aplicatii si jocuri C++\flappy24\d_Game.exe
     1>Done Building Project "D:\Aplicatii si jocuri C++\flappy24\Game.vcxproj" (Build target(s)).

Build succeeded.

Time Elapsed 00:00:41.36
