D:\APLICATII SI JOCURI C++\FLAPPY24\COMPILED\RELEASE\VEC2.OBJ
D:\APLICATII SI JOCURI C++\FLAPPY24\COMPILED\RELEASE\TUBE.OBJ
D:\APLICATII SI JOCURI C++\FLAPPY24\COMPILED\RELEASE\SPRITE.OBJ
D:\APLICATII SI JOCURI C++\FLAPPY24\COMPILED\RELEASE\RECT.OBJ
D:\APLICATII SI JOCURI C++\FLAPPY24\COMPILED\RELEASE\PROJECTILE.OBJ
D:\APLICATII SI JOCURI C++\FLAPPY24\COMPILED\RELEASE\PLAYER.OBJ
D:\APLICATII SI JOCURI C++\FLAPPY24\COMPILED\RELEASE\PARALLAXLAYER.OBJ
D:\APLICATII SI JOCURI C++\FLAPPY24\COMPILED\RELEASE\BUTTON.OBJ
D:\APLICATII SI JOCURI C++\FLAPPY24\COMPILED\RELEASE\BACKBUFFER.OBJ
D:\APLICATII SI JOCURI C++\FLAPPY24\COMPILED\RELEASE\GIFLAPPYBIRD.OBJ
D:\APLICATII SI JOCURI C++\FLAPPY24\COMPILED\RELEASE\FLAPPYBIRD.OBJ
D:\APLICATII SI JOCURI C++\FLAPPY24\COMPILED\RELEASE\VC110.PDB
D:\APLICATII SI JOCURI C++\FLAPPY24\GAME.EXE
D:\APLICATII SI JOCURI C++\FLAPPY24\COMPILED\RELEASE\FLAPPY.RES
D:\Aplicatii si jocuri C++\flappy24\Compiled\Release\BackBuffer.obj
D:\Aplicatii si jocuri C++\flappy24\Compiled\Release\Button.obj
D:\Aplicatii si jocuri C++\flappy24\Compiled\Release\FlappyBird.obj
D:\Aplicatii si jocuri C++\flappy24\Compiled\Release\giFlappyBird.obj
D:\Aplicatii si jocuri C++\flappy24\Compiled\Release\ParallaxLayer.obj
D:\Aplicatii si jocuri C++\flappy24\Compiled\Release\Player.obj
D:\Aplicatii si jocuri C++\flappy24\Compiled\Release\Projectile.obj
D:\Aplicatii si jocuri C++\flappy24\Compiled\Release\Rect.obj
D:\Aplicatii si jocuri C++\flappy24\Compiled\Release\Sprite.obj
D:\Aplicatii si jocuri C++\flappy24\Compiled\Release\Tube.obj
D:\Aplicatii si jocuri C++\flappy24\Compiled\Release\Vec2.obj
D:\Aplicatii si jocuri C++\flappy24\Compiled\Release\cl.command.1.tlog
D:\Aplicatii si jocuri C++\flappy24\Compiled\Release\CL.read.1.tlog
D:\Aplicatii si jocuri C++\flappy24\Compiled\Release\CL.write.1.tlog
D:\Aplicatii si jocuri C++\flappy24\Compiled\Release\link-cvtres.read.1.tlog
D:\Aplicatii si jocuri C++\flappy24\Compiled\Release\link-cvtres.write.1.tlog
D:\Aplicatii si jocuri C++\flappy24\Compiled\Release\link-rc.read.1.tlog
D:\Aplicatii si jocuri C++\flappy24\Compiled\Release\link-rc.write.1.tlog
D:\Aplicatii si jocuri C++\flappy24\Compiled\Release\link.command.1.tlog
D:\Aplicatii si jocuri C++\flappy24\Compiled\Release\link.read.1.tlog
D:\Aplicatii si jocuri C++\flappy24\Compiled\Release\link.write.1.tlog
D:\Aplicatii si jocuri C++\flappy24\Compiled\Release\rc.command.1.tlog
D:\Aplicatii si jocuri C++\flappy24\Compiled\Release\rc.read.1.tlog
D:\Aplicatii si jocuri C++\flappy24\Compiled\Release\rc.write.1.tlog
D:\Aplicatii si jocuri C++\flappy24\Compiled\Release\Flappy.res
D:\Aplicatii si jocuri C++\flappy24\Compiled\Release\vc110.pdb
D:\Aplicatii si jocuri C++\flappy24\Game.exe
